2023-07-23 21:07:582 INFO  HomePage :103 - Clicking on findJons button[[ChromeDriver: chrome on windows (40db352a8074291faf1a4fb8736acc0b)] -> xpath: //input[@id='hp-search-btn']]
2023-07-23 21:07:119 INFO  HomePage :103 - Clicking on findJons button[[ChromeDriver: chrome on windows (8b657c37a4a0d353af45b730f764b196)] -> xpath: //input[@id='hp-search-btn']]
2023-07-23 21:07:10 INFO  HomePage :103 - Clicking on findJons button[[ChromeDriver: chrome on windows (cc8cfa24d50afbd0544c9252d2d918a6)] -> xpath: //input[@id='hp-search-btn']]
2023-07-23 21:07:420 INFO  HomePage :103 - Clicking on findJons button[[ChromeDriver: chrome on windows (6c0164848acd3e85352183619c298b13)] -> xpath: //input[@id='hp-search-btn']]
2023-07-23 21:07:294 INFO  HomePage :103 - Clicking on findJons button[[ChromeDriver: chrome on windows (0c856fcfd971aaa1aa6c67f44baa22b2)] -> xpath: //input[@id='hp-search-btn']]
2023-07-23 21:07:257 INFO  HomePage :103 - Clicking on findJons button[[ChromeDriver: chrome on windows (e36d9c6d8a43294682305ad8c3c06f24)] -> xpath: //input[@id='hp-search-btn']]
2023-07-23 21:07:212 INFO  HomePage :49 - Entering Job title[[ChromeDriver: chrome on windows (e36d9c6d8a43294682305ad8c3c06f24)] -> xpath: //input[@id='keywords']]
2023-07-23 21:07:748 INFO  HomePage :103 - Clicking on findJons button[[ChromeDriver: chrome on windows (34b498d49bb9950ef9b9d2e72182f503)] -> xpath: //input[@id='hp-search-btn']]
2023-07-23 22:07:949 INFO  HomePage :49 - Entering Job title[[ChromeDriver: chrome on windows (d726e74fb6eef7d316fe64d1480b43f0)] -> xpath: //input[@id='keywords']]
2023-07-23 22:07:26 INFO  HomePage :56 - Entering the location[[ChromeDriver: chrome on windows (d726e74fb6eef7d316fe64d1480b43f0)] -> xpath: //input[@id='location']]
2023-07-23 22:07:881 INFO  HomePage :49 - Entering Job title[[ChromeDriver: chrome on windows (5126415f76edfc6ee38534bef3dc5b0a)] -> xpath: //input[@id='keywords']]
2023-07-23 22:07:975 INFO  HomePage :56 - Entering the location[[ChromeDriver: chrome on windows (5126415f76edfc6ee38534bef3dc5b0a)] -> xpath: //input[@id='location']]
2023-07-23 22:07:106 INFO  HomePage :49 - Entering Job title[[ChromeDriver: chrome on windows (d08bb92b6b0b16c5093db59bd95c1924)] -> xpath: //input[@id='keywords']]
2023-07-23 22:07:200 INFO  HomePage :56 - Entering the location[[ChromeDriver: chrome on windows (d08bb92b6b0b16c5093db59bd95c1924)] -> xpath: //input[@id='location']]
2023-07-23 22:07:539 INFO  HomePage :49 - Entering Job title[[ChromeDriver: chrome on windows (52bc08ac13c912ba11672ffdd87dfcd7)] -> xpath: //input[@id='keywords']]
2023-07-23 22:07:606 INFO  HomePage :56 - Entering the location[[ChromeDriver: chrome on windows (52bc08ac13c912ba11672ffdd87dfcd7)] -> xpath: //input[@id='location']]
2023-07-23 22:07:85 INFO  HomePage :49 - Entering Job title[[ChromeDriver: chrome on windows (9908763b572b05510d5fdd30f8d96e70)] -> xpath: //input[@id='keywords']]
2023-07-23 22:07:169 INFO  HomePage :56 - Entering the location[[ChromeDriver: chrome on windows (9908763b572b05510d5fdd30f8d96e70)] -> xpath: //input[@id='location']]
2023-07-23 22:07:405 INFO  HomePage :49 - Entering Job title[[ChromeDriver: chrome on windows (80dc67f540492d2f88d532ab01d3e8e0)] -> xpath: //input[@id='keywords']]
2023-07-23 22:07:483 INFO  HomePage :56 - Entering the location[[ChromeDriver: chrome on windows (80dc67f540492d2f88d532ab01d3e8e0)] -> xpath: //input[@id='location']]
2023-07-23 22:07:816 INFO  HomePage :49 - Entering Job title[[ChromeDriver: chrome on windows (78e3467ef57c5020d853f04d5addd502)] -> xpath: //input[@id='keywords']]
2023-07-23 22:07:906 INFO  HomePage :56 - Entering the location[[ChromeDriver: chrome on windows (78e3467ef57c5020d853f04d5addd502)] -> xpath: //input[@id='location']]
2023-07-23 22:07:93 INFO  HomePage :103 - Clicking on findJons button[[ChromeDriver: chrome on windows (78e3467ef57c5020d853f04d5addd502)] -> xpath: //input[@id='hp-search-btn']]
2023-07-23 22:07:865 INFO  HomePage :49 - Entering Job title[[ChromeDriver: chrome on windows (e9da8cc3e98caa248cc396edcc00c819)] -> xpath: //input[@id='keywords']]
2023-07-23 22:07:941 INFO  HomePage :56 - Entering the location[[ChromeDriver: chrome on windows (e9da8cc3e98caa248cc396edcc00c819)] -> xpath: //input[@id='location']]
2023-07-23 22:07:121 INFO  HomePage :103 - Clicking on findJons button[[ChromeDriver: chrome on windows (e9da8cc3e98caa248cc396edcc00c819)] -> xpath: //input[@id='hp-search-btn']]
2023-07-23 22:07:329 INFO  HomePage :49 - Entering Job title[[ChromeDriver: chrome on windows (62a6b9ba95c577737a29d419c9532f7b)] -> xpath: //input[@id='keywords']]
2023-07-23 22:07:395 INFO  HomePage :56 - Entering the location[[ChromeDriver: chrome on windows (62a6b9ba95c577737a29d419c9532f7b)] -> xpath: //input[@id='location']]
2023-07-23 22:07:575 INFO  HomePage :103 - Clicking on findJons button[[ChromeDriver: chrome on windows (62a6b9ba95c577737a29d419c9532f7b)] -> xpath: //input[@id='hp-search-btn']]
2023-07-23 22:07:985 INFO  HomePage :49 - Entering Job title[[ChromeDriver: chrome on windows (5d77222bc89ab0a5661a0e124091b31b)] -> xpath: //input[@id='keywords']]
2023-07-23 22:07:65 INFO  HomePage :56 - Entering the location[[ChromeDriver: chrome on windows (5d77222bc89ab0a5661a0e124091b31b)] -> xpath: //input[@id='location']]
2023-07-23 22:07:229 INFO  HomePage :103 - Clicking on findJons button[[ChromeDriver: chrome on windows (5d77222bc89ab0a5661a0e124091b31b)] -> xpath: //input[@id='hp-search-btn']]
2023-07-23 22:07:210 INFO  HomePage :49 - Entering Job title[[ChromeDriver: chrome on windows (9d75c14c1e1adb218087b55abf36b90b)] -> xpath: //input[@id='keywords']]
2023-07-23 22:07:280 INFO  HomePage :56 - Entering the location[[ChromeDriver: chrome on windows (9d75c14c1e1adb218087b55abf36b90b)] -> xpath: //input[@id='location']]
2023-07-23 22:07:464 INFO  HomePage :103 - Clicking on findJons button[[ChromeDriver: chrome on windows (9d75c14c1e1adb218087b55abf36b90b)] -> xpath: //input[@id='hp-search-btn']]
2023-07-23 22:07:738 INFO  HomePage :49 - Entering Job title[[ChromeDriver: chrome on windows (b778de1dd345a11ba3deb557238fdb3a)] -> xpath: //input[@id='keywords']]
2023-07-23 22:07:810 INFO  HomePage :56 - Entering the location[[ChromeDriver: chrome on windows (b778de1dd345a11ba3deb557238fdb3a)] -> xpath: //input[@id='location']]
2023-07-23 22:07:994 INFO  HomePage :103 - Clicking on findJons button[[ChromeDriver: chrome on windows (b778de1dd345a11ba3deb557238fdb3a)] -> xpath: //input[@id='hp-search-btn']]
2023-07-23 22:07:29 INFO  HomePage :49 - Entering Job title[[ChromeDriver: chrome on windows (7d8f2c3014ed90b762e55eca83b842b6)] -> xpath: //input[@id='keywords']]
2023-07-23 22:07:121 INFO  HomePage :56 - Entering the location[[ChromeDriver: chrome on windows (7d8f2c3014ed90b762e55eca83b842b6)] -> xpath: //input[@id='location']]
2023-07-23 22:07:317 INFO  HomePage :103 - Clicking on findJons button[[ChromeDriver: chrome on windows (7d8f2c3014ed90b762e55eca83b842b6)] -> xpath: //input[@id='hp-search-btn']]
2023-07-23 22:07:144 INFO  HomePage :49 - Entering Job title[[ChromeDriver: chrome on windows (71a509eb5ca29c0fcf9b41d01a00f46b)] -> xpath: //input[@id='keywords']]
2023-07-23 22:07:209 INFO  HomePage :56 - Entering the location[[ChromeDriver: chrome on windows (71a509eb5ca29c0fcf9b41d01a00f46b)] -> xpath: //input[@id='location']]
2023-07-23 22:07:381 INFO  HomePage :103 - Clicking on findJons button[[ChromeDriver: chrome on windows (71a509eb5ca29c0fcf9b41d01a00f46b)] -> xpath: //input[@id='hp-search-btn']]
2023-07-23 22:07:520 INFO  HomePage :49 - Entering Job title[[ChromeDriver: chrome on windows (d46f61f1ec8db9f514caafd1bdd3970c)] -> xpath: //input[@id='keywords']]
2023-07-23 22:07:631 INFO  HomePage :56 - Entering the location[[ChromeDriver: chrome on windows (d46f61f1ec8db9f514caafd1bdd3970c)] -> xpath: //input[@id='location']]
2023-07-23 22:07:865 INFO  HomePage :103 - Clicking on findJons button[[ChromeDriver: chrome on windows (d46f61f1ec8db9f514caafd1bdd3970c)] -> xpath: //input[@id='hp-search-btn']]
2023-07-23 22:07:443 INFO  HomePage :49 - Entering Job title[[ChromeDriver: chrome on windows (108ab4e681a97f96cc18b6f037ee6c17)] -> xpath: //input[@id='keywords']]
2023-07-23 22:07:519 INFO  HomePage :56 - Entering the location[[ChromeDriver: chrome on windows (108ab4e681a97f96cc18b6f037ee6c17)] -> xpath: //input[@id='location']]
2023-07-23 22:07:679 INFO  HomePage :103 - Clicking on findJons button[[ChromeDriver: chrome on windows (108ab4e681a97f96cc18b6f037ee6c17)] -> xpath: //input[@id='hp-search-btn']]
2023-07-23 22:07:326 INFO  HomePage :49 - Entering Job title[[ChromeDriver: chrome on windows (8e88bdc464d183325380cd1ebe1dd486)] -> xpath: //input[@id='keywords']]
2023-07-23 22:07:402 INFO  HomePage :56 - Entering the location[[ChromeDriver: chrome on windows (8e88bdc464d183325380cd1ebe1dd486)] -> xpath: //input[@id='location']]
2023-07-23 22:07:563 INFO  HomePage :103 - Clicking on findJons button[[ChromeDriver: chrome on windows (8e88bdc464d183325380cd1ebe1dd486)] -> xpath: //input[@id='hp-search-btn']]
2023-07-23 22:07:924 INFO  HomePage :49 - Entering Job title[[ChromeDriver: chrome on windows (c862af4148d7668c6292aa459763656d)] -> xpath: //input[@id='keywords']]
2023-07-23 22:07:03 INFO  HomePage :56 - Entering the location[[ChromeDriver: chrome on windows (c862af4148d7668c6292aa459763656d)] -> xpath: //input[@id='location']]
2023-07-23 22:07:169 INFO  HomePage :103 - Clicking on findJons button[[ChromeDriver: chrome on windows (c862af4148d7668c6292aa459763656d)] -> xpath: //input[@id='hp-search-btn']]
2023-07-23 22:07:45 INFO  HomePage :49 - Entering Job title[[ChromeDriver: chrome on windows (1b88c8e6f54f9bb487364adfa6d5ed9e)] -> xpath: //input[@id='keywords']]
2023-07-23 22:07:111 INFO  HomePage :56 - Entering the location[[ChromeDriver: chrome on windows (1b88c8e6f54f9bb487364adfa6d5ed9e)] -> xpath: //input[@id='location']]
2023-07-23 22:07:288 INFO  HomePage :69 - clicking on more search options[[ChromeDriver: chrome on windows (1b88c8e6f54f9bb487364adfa6d5ed9e)] -> xpath: //button[@id='toggle-hp-search']]
2023-07-23 22:07:385 INFO  HomePage :76 - Entering the minimum salary[[ChromeDriver: chrome on windows (1b88c8e6f54f9bb487364adfa6d5ed9e)] -> xpath: //input[@id='salarymin']]
2023-07-23 22:07:461 INFO  HomePage :83 - Entering the maximum salary[[ChromeDriver: chrome on windows (1b88c8e6f54f9bb487364adfa6d5ed9e)] -> xpath: //input[@id='salarymax']]
2023-07-23 22:07:673 INFO  HomePage :103 - Clicking on findJons button[[ChromeDriver: chrome on windows (1b88c8e6f54f9bb487364adfa6d5ed9e)] -> xpath: //input[@id='hp-search-btn']]
2023-07-23 22:07:876 INFO  HomePage :49 - Entering Job title[[ChromeDriver: chrome on windows (621334bef6a879490565e36400606f1b)] -> xpath: //input[@id='keywords']]
2023-07-23 22:07:959 INFO  HomePage :56 - Entering the location[[ChromeDriver: chrome on windows (621334bef6a879490565e36400606f1b)] -> xpath: //input[@id='location']]
2023-07-23 22:07:97 INFO  HomePage :69 - clicking on more search options[[ChromeDriver: chrome on windows (621334bef6a879490565e36400606f1b)] -> xpath: //button[@id='toggle-hp-search']]
2023-07-23 22:07:199 INFO  HomePage :76 - Entering the minimum salary[[ChromeDriver: chrome on windows (621334bef6a879490565e36400606f1b)] -> xpath: //input[@id='salarymin']]
2023-07-23 22:07:278 INFO  HomePage :83 - Entering the maximum salary[[ChromeDriver: chrome on windows (621334bef6a879490565e36400606f1b)] -> xpath: //input[@id='salarymax']]
2023-07-23 22:07:476 INFO  HomePage :103 - Clicking on findJons button[[ChromeDriver: chrome on windows (621334bef6a879490565e36400606f1b)] -> xpath: //input[@id='hp-search-btn']]
2023-07-23 22:07:793 INFO  HomePage :49 - Entering Job title[[ChromeDriver: chrome on windows (e5629f19348e4d26187fef2d51a551f1)] -> xpath: //input[@id='keywords']]
2023-07-23 22:07:874 INFO  HomePage :56 - Entering the location[[ChromeDriver: chrome on windows (e5629f19348e4d26187fef2d51a551f1)] -> xpath: //input[@id='location']]
2023-07-23 22:07:16 INFO  HomePage :69 - clicking on more search options[[ChromeDriver: chrome on windows (e5629f19348e4d26187fef2d51a551f1)] -> xpath: //button[@id='toggle-hp-search']]
2023-07-23 22:07:111 INFO  HomePage :76 - Entering the minimum salary[[ChromeDriver: chrome on windows (e5629f19348e4d26187fef2d51a551f1)] -> xpath: //input[@id='salarymin']]
2023-07-23 22:07:183 INFO  HomePage :83 - Entering the maximum salary[[ChromeDriver: chrome on windows (e5629f19348e4d26187fef2d51a551f1)] -> xpath: //input[@id='salarymax']]
2023-07-23 22:07:406 INFO  HomePage :103 - Clicking on findJons button[[ChromeDriver: chrome on windows (e5629f19348e4d26187fef2d51a551f1)] -> xpath: //input[@id='hp-search-btn']]
2023-07-23 22:07:777 INFO  HomePage :49 - Entering Job title[[ChromeDriver: chrome on windows (c51cdff38971d96a7d6dc6bc4197f78c)] -> xpath: //input[@id='keywords']]
2023-07-23 22:07:842 INFO  HomePage :56 - Entering the location[[ChromeDriver: chrome on windows (c51cdff38971d96a7d6dc6bc4197f78c)] -> xpath: //input[@id='location']]
2023-07-23 22:07:967 INFO  HomePage :69 - clicking on more search options[[ChromeDriver: chrome on windows (c51cdff38971d96a7d6dc6bc4197f78c)] -> xpath: //button[@id='toggle-hp-search']]
2023-07-23 22:07:64 INFO  HomePage :76 - Entering the minimum salary[[ChromeDriver: chrome on windows (c51cdff38971d96a7d6dc6bc4197f78c)] -> xpath: //input[@id='salarymin']]
2023-07-23 22:07:134 INFO  HomePage :83 - Entering the maximum salary[[ChromeDriver: chrome on windows (c51cdff38971d96a7d6dc6bc4197f78c)] -> xpath: //input[@id='salarymax']]
2023-07-23 22:07:961 INFO  HomePage :49 - Entering Job title[[ChromeDriver: chrome on windows (d63338100bebda8f1a4a99f34aed6302)] -> xpath: //input[@id='keywords']]
2023-07-23 22:07:38 INFO  HomePage :56 - Entering the location[[ChromeDriver: chrome on windows (d63338100bebda8f1a4a99f34aed6302)] -> xpath: //input[@id='location']]
2023-07-23 22:07:168 INFO  HomePage :69 - clicking on more search options[[ChromeDriver: chrome on windows (d63338100bebda8f1a4a99f34aed6302)] -> xpath: //button[@id='toggle-hp-search']]
2023-07-23 22:07:244 INFO  HomePage :76 - Entering the minimum salary[[ChromeDriver: chrome on windows (d63338100bebda8f1a4a99f34aed6302)] -> xpath: //input[@id='salarymin']]
2023-07-23 22:07:327 INFO  HomePage :83 - Entering the maximum salary[[ChromeDriver: chrome on windows (d63338100bebda8f1a4a99f34aed6302)] -> xpath: //input[@id='salarymax']]
2023-07-23 22:07:551 INFO  HomePage :103 - Clicking on findJons button[[ChromeDriver: chrome on windows (d63338100bebda8f1a4a99f34aed6302)] -> xpath: //input[@id='hp-search-btn']]
2023-07-23 22:07:200 INFO  HomePage :49 - Entering Job title[[ChromeDriver: chrome on windows (67c2a349227fdd3468989f870a56d9c3)] -> xpath: //input[@id='keywords']]
2023-07-23 22:07:280 INFO  HomePage :56 - Entering the location[[ChromeDriver: chrome on windows (67c2a349227fdd3468989f870a56d9c3)] -> xpath: //input[@id='location']]
2023-07-23 22:07:410 INFO  HomePage :69 - clicking on more search options[[ChromeDriver: chrome on windows (67c2a349227fdd3468989f870a56d9c3)] -> xpath: //button[@id='toggle-hp-search']]
2023-07-23 22:07:499 INFO  HomePage :76 - Entering the minimum salary[[ChromeDriver: chrome on windows (67c2a349227fdd3468989f870a56d9c3)] -> xpath: //input[@id='salarymin']]
2023-07-23 22:07:580 INFO  HomePage :83 - Entering the maximum salary[[ChromeDriver: chrome on windows (67c2a349227fdd3468989f870a56d9c3)] -> xpath: //input[@id='salarymax']]
2023-07-23 22:07:799 INFO  HomePage :103 - Clicking on findJons button[[ChromeDriver: chrome on windows (67c2a349227fdd3468989f870a56d9c3)] -> xpath: //input[@id='hp-search-btn']]
2023-07-23 22:07:831 INFO  HomePage :49 - Entering Job title[[ChromeDriver: chrome on windows (41b24df9e3cae4ef8c324e1019a501e6)] -> xpath: //input[@id='keywords']]
2023-07-23 22:07:901 INFO  HomePage :56 - Entering the location[[ChromeDriver: chrome on windows (41b24df9e3cae4ef8c324e1019a501e6)] -> xpath: //input[@id='location']]
2023-07-23 22:07:82 INFO  HomePage :69 - clicking on more search options[[ChromeDriver: chrome on windows (41b24df9e3cae4ef8c324e1019a501e6)] -> xpath: //button[@id='toggle-hp-search']]
2023-07-23 22:07:186 INFO  HomePage :76 - Entering the minimum salary[[ChromeDriver: chrome on windows (41b24df9e3cae4ef8c324e1019a501e6)] -> xpath: //input[@id='salarymin']]
2023-07-23 22:07:266 INFO  HomePage :83 - Entering the maximum salary[[ChromeDriver: chrome on windows (41b24df9e3cae4ef8c324e1019a501e6)] -> xpath: //input[@id='salarymax']]
2023-07-23 22:07:472 INFO  HomePage :103 - Clicking on findJons button[[ChromeDriver: chrome on windows (41b24df9e3cae4ef8c324e1019a501e6)] -> xpath: //input[@id='hp-search-btn']]
2023-07-23 22:07:378 INFO  HomePage :49 - Entering Job title[[ChromeDriver: chrome on windows (9cf7261f842c290733bf73dfc5285d20)] -> xpath: //input[@id='keywords']]
2023-07-23 22:07:455 INFO  HomePage :56 - Entering the location[[ChromeDriver: chrome on windows (9cf7261f842c290733bf73dfc5285d20)] -> xpath: //input[@id='location']]
2023-07-23 22:07:612 INFO  HomePage :69 - clicking on more search options[[ChromeDriver: chrome on windows (9cf7261f842c290733bf73dfc5285d20)] -> xpath: //button[@id='toggle-hp-search']]
2023-07-23 22:07:718 INFO  HomePage :76 - Entering the minimum salary[[ChromeDriver: chrome on windows (9cf7261f842c290733bf73dfc5285d20)] -> xpath: //input[@id='salarymin']]
2023-07-23 22:07:806 INFO  HomePage :83 - Entering the maximum salary[[ChromeDriver: chrome on windows (9cf7261f842c290733bf73dfc5285d20)] -> xpath: //input[@id='salarymax']]
2023-07-23 22:07:28 INFO  HomePage :103 - Clicking on findJons button[[ChromeDriver: chrome on windows (9cf7261f842c290733bf73dfc5285d20)] -> xpath: //input[@id='hp-search-btn']]
2023-07-23 22:07:434 INFO  HomePage :49 - Entering Job title[[ChromeDriver: chrome on windows (e7fba2d4bc68591ec06aa5623608b704)] -> xpath: //input[@id='keywords']]
2023-07-23 22:07:525 INFO  HomePage :56 - Entering the location[[ChromeDriver: chrome on windows (e7fba2d4bc68591ec06aa5623608b704)] -> xpath: //input[@id='location']]
2023-07-23 22:07:685 INFO  HomePage :69 - clicking on more search options[[ChromeDriver: chrome on windows (e7fba2d4bc68591ec06aa5623608b704)] -> xpath: //button[@id='toggle-hp-search']]
2023-07-23 22:07:787 INFO  HomePage :76 - Entering the minimum salary[[ChromeDriver: chrome on windows (e7fba2d4bc68591ec06aa5623608b704)] -> xpath: //input[@id='salarymin']]
2023-07-23 22:07:873 INFO  HomePage :83 - Entering the maximum salary[[ChromeDriver: chrome on windows (e7fba2d4bc68591ec06aa5623608b704)] -> xpath: //input[@id='salarymax']]
2023-07-23 22:07:99 INFO  HomePage :103 - Clicking on findJons button[[ChromeDriver: chrome on windows (e7fba2d4bc68591ec06aa5623608b704)] -> xpath: //input[@id='hp-search-btn']]
2023-07-23 22:07:06 INFO  HomePage :49 - Entering Job title[[ChromeDriver: chrome on windows (2392b2d3dae3431013d57f51cad6fdb6)] -> xpath: //input[@id='keywords']]
2023-07-23 22:07:79 INFO  HomePage :56 - Entering the location[[ChromeDriver: chrome on windows (2392b2d3dae3431013d57f51cad6fdb6)] -> xpath: //input[@id='location']]
2023-07-23 22:07:218 INFO  HomePage :69 - clicking on more search options[[ChromeDriver: chrome on windows (2392b2d3dae3431013d57f51cad6fdb6)] -> xpath: //button[@id='toggle-hp-search']]
2023-07-23 22:07:310 INFO  HomePage :76 - Entering the minimum salary[[ChromeDriver: chrome on windows (2392b2d3dae3431013d57f51cad6fdb6)] -> xpath: //input[@id='salarymin']]
2023-07-23 22:07:389 INFO  HomePage :83 - Entering the maximum salary[[ChromeDriver: chrome on windows (2392b2d3dae3431013d57f51cad6fdb6)] -> xpath: //input[@id='salarymax']]
2023-07-23 22:07:929 INFO  HomePage :49 - Entering Job title[[ChromeDriver: chrome on windows (538ff31935d2095cced7338d62679d2e)] -> xpath: //input[@id='keywords']]
2023-07-23 22:07:993 INFO  HomePage :56 - Entering the location[[ChromeDriver: chrome on windows (538ff31935d2095cced7338d62679d2e)] -> xpath: //input[@id='location']]
2023-07-23 22:07:128 INFO  HomePage :69 - clicking on more search options[[ChromeDriver: chrome on windows (538ff31935d2095cced7338d62679d2e)] -> xpath: //button[@id='toggle-hp-search']]
2023-07-23 22:07:229 INFO  HomePage :76 - Entering the minimum salary[[ChromeDriver: chrome on windows (538ff31935d2095cced7338d62679d2e)] -> xpath: //input[@id='salarymin']]
2023-07-23 22:07:321 INFO  HomePage :83 - Entering the maximum salary[[ChromeDriver: chrome on windows (538ff31935d2095cced7338d62679d2e)] -> xpath: //input[@id='salarymax']]
2023-07-23 22:07:557 INFO  HomePage :103 - Clicking on findJons button[[ChromeDriver: chrome on windows (538ff31935d2095cced7338d62679d2e)] -> xpath: //input[@id='hp-search-btn']]
2023-07-23 22:07:839 INFO  HomePage :49 - Entering Job title[[ChromeDriver: chrome on windows (9267570775574352500d56dc90d3c7fc)] -> xpath: //input[@id='keywords']]
2023-07-23 22:07:906 INFO  HomePage :56 - Entering the location[[ChromeDriver: chrome on windows (9267570775574352500d56dc90d3c7fc)] -> xpath: //input[@id='location']]
2023-07-23 22:07:68 INFO  HomePage :69 - clicking on more search options[[ChromeDriver: chrome on windows (9267570775574352500d56dc90d3c7fc)] -> xpath: //button[@id='toggle-hp-search']]
2023-07-23 22:07:169 INFO  HomePage :76 - Entering the minimum salary[[ChromeDriver: chrome on windows (9267570775574352500d56dc90d3c7fc)] -> xpath: //input[@id='salarymin']]
2023-07-23 22:07:261 INFO  HomePage :83 - Entering the maximum salary[[ChromeDriver: chrome on windows (9267570775574352500d56dc90d3c7fc)] -> xpath: //input[@id='salarymax']]
2023-07-23 22:07:535 INFO  HomePage :103 - Clicking on findJons button[[ChromeDriver: chrome on windows (9267570775574352500d56dc90d3c7fc)] -> xpath: //input[@id='hp-search-btn']]
2023-07-23 22:07:737 INFO  HomePage :49 - Entering Job title[[ChromeDriver: chrome on windows (f235e505937eb137e2eb57dac8abecfc)] -> xpath: //input[@id='keywords']]
2023-07-23 22:07:808 INFO  HomePage :56 - Entering the location[[ChromeDriver: chrome on windows (f235e505937eb137e2eb57dac8abecfc)] -> xpath: //input[@id='location']]
2023-07-23 22:07:984 INFO  HomePage :69 - clicking on more search options[[ChromeDriver: chrome on windows (f235e505937eb137e2eb57dac8abecfc)] -> xpath: //button[@id='toggle-hp-search']]
2023-07-23 22:07:100 INFO  HomePage :76 - Entering the minimum salary[[ChromeDriver: chrome on windows (f235e505937eb137e2eb57dac8abecfc)] -> xpath: //input[@id='salarymin']]
2023-07-23 22:07:183 INFO  HomePage :83 - Entering the maximum salary[[ChromeDriver: chrome on windows (f235e505937eb137e2eb57dac8abecfc)] -> xpath: //input[@id='salarymax']]
2023-07-23 22:07:437 INFO  HomePage :103 - Clicking on findJons button[[ChromeDriver: chrome on windows (f235e505937eb137e2eb57dac8abecfc)] -> xpath: //input[@id='hp-search-btn']]
2023-07-23 22:07:593 INFO  HomePage :49 - Entering Job title[[ChromeDriver: chrome on windows (6bf92d1ff1826ded044b4221e938b1e7)] -> xpath: //input[@id='keywords']]
2023-07-23 22:07:666 INFO  HomePage :56 - Entering the location[[ChromeDriver: chrome on windows (6bf92d1ff1826ded044b4221e938b1e7)] -> xpath: //input[@id='location']]
2023-07-23 22:07:853 INFO  HomePage :69 - clicking on more search options[[ChromeDriver: chrome on windows (6bf92d1ff1826ded044b4221e938b1e7)] -> xpath: //button[@id='toggle-hp-search']]
2023-07-23 22:07:970 INFO  HomePage :76 - Entering the minimum salary[[ChromeDriver: chrome on windows (6bf92d1ff1826ded044b4221e938b1e7)] -> xpath: //input[@id='salarymin']]
2023-07-23 22:07:78 INFO  HomePage :83 - Entering the maximum salary[[ChromeDriver: chrome on windows (6bf92d1ff1826ded044b4221e938b1e7)] -> xpath: //input[@id='salarymax']]
2023-07-23 22:07:337 INFO  HomePage :103 - Clicking on findJons button[[ChromeDriver: chrome on windows (6bf92d1ff1826ded044b4221e938b1e7)] -> xpath: //input[@id='hp-search-btn']]
2023-07-23 22:07:898 INFO  HomePage :49 - Entering Job title[[ChromeDriver: chrome on windows (5d90327f733ffd7a7aab8d762f22f805)] -> xpath: //input[@id='keywords']]
2023-07-23 22:07:967 INFO  HomePage :56 - Entering the location[[ChromeDriver: chrome on windows (5d90327f733ffd7a7aab8d762f22f805)] -> xpath: //input[@id='location']]
2023-07-23 22:07:95 INFO  HomePage :69 - clicking on more search options[[ChromeDriver: chrome on windows (5d90327f733ffd7a7aab8d762f22f805)] -> xpath: //button[@id='toggle-hp-search']]
2023-07-23 22:07:224 INFO  HomePage :76 - Entering the minimum salary[[ChromeDriver: chrome on windows (5d90327f733ffd7a7aab8d762f22f805)] -> xpath: //input[@id='salarymin']]
2023-07-23 22:07:325 INFO  HomePage :83 - Entering the maximum salary[[ChromeDriver: chrome on windows (5d90327f733ffd7a7aab8d762f22f805)] -> xpath: //input[@id='salarymax']]
2023-07-23 22:07:573 INFO  HomePage :103 - Clicking on findJons button[[ChromeDriver: chrome on windows (5d90327f733ffd7a7aab8d762f22f805)] -> xpath: //input[@id='hp-search-btn']]
2023-07-23 22:07:810 INFO  HomePage :49 - Entering Job title[[ChromeDriver: chrome on windows (76585a40b94b4a63439dfc28922aa6d5)] -> xpath: //input[@id='keywords']]
2023-07-23 22:07:904 INFO  HomePage :56 - Entering the location[[ChromeDriver: chrome on windows (76585a40b94b4a63439dfc28922aa6d5)] -> xpath: //input[@id='location']]
2023-07-23 22:07:71 INFO  HomePage :69 - clicking on more search options[[ChromeDriver: chrome on windows (76585a40b94b4a63439dfc28922aa6d5)] -> xpath: //button[@id='toggle-hp-search']]
2023-07-23 22:07:225 INFO  HomePage :76 - Entering the minimum salary[[ChromeDriver: chrome on windows (76585a40b94b4a63439dfc28922aa6d5)] -> xpath: //input[@id='salarymin']]
2023-07-23 22:07:327 INFO  HomePage :83 - Entering the maximum salary[[ChromeDriver: chrome on windows (76585a40b94b4a63439dfc28922aa6d5)] -> xpath: //input[@id='salarymax']]
2023-07-23 22:07:606 INFO  HomePage :103 - Clicking on findJons button[[ChromeDriver: chrome on windows (76585a40b94b4a63439dfc28922aa6d5)] -> xpath: //input[@id='hp-search-btn']]
2023-07-23 22:07:383 INFO  HomePage :49 - Entering Job title[[ChromeDriver: chrome on windows (11f6668528e1cf833fefd76775cbf902)] -> xpath: //input[@id='keywords']]
2023-07-23 22:07:466 INFO  HomePage :56 - Entering the location[[ChromeDriver: chrome on windows (11f6668528e1cf833fefd76775cbf902)] -> xpath: //input[@id='location']]
2023-07-23 22:07:622 INFO  HomePage :69 - clicking on more search options[[ChromeDriver: chrome on windows (11f6668528e1cf833fefd76775cbf902)] -> xpath: //button[@id='toggle-hp-search']]
2023-07-23 22:07:731 INFO  HomePage :76 - Entering the minimum salary[[ChromeDriver: chrome on windows (11f6668528e1cf833fefd76775cbf902)] -> xpath: //input[@id='salarymin']]
2023-07-23 22:07:836 INFO  HomePage :83 - Entering the maximum salary[[ChromeDriver: chrome on windows (11f6668528e1cf833fefd76775cbf902)] -> xpath: //input[@id='salarymax']]
2023-07-23 22:07:96 INFO  HomePage :103 - Clicking on findJons button[[ChromeDriver: chrome on windows (11f6668528e1cf833fefd76775cbf902)] -> xpath: //input[@id='hp-search-btn']]
2023-07-23 22:07:171 INFO  HomePage :49 - Entering Job title[[ChromeDriver: chrome on windows (97c4fa8e7024cd3dd158999fd1b6c36c)] -> xpath: //input[@id='keywords']]
2023-07-23 22:07:255 INFO  HomePage :56 - Entering the location[[ChromeDriver: chrome on windows (97c4fa8e7024cd3dd158999fd1b6c36c)] -> xpath: //input[@id='location']]
2023-07-23 22:07:665 INFO  HomePage :69 - clicking on more search options[[ChromeDriver: chrome on windows (97c4fa8e7024cd3dd158999fd1b6c36c)] -> xpath: //button[@id='toggle-hp-search']]
2023-07-23 22:07:780 INFO  HomePage :76 - Entering the minimum salary[[ChromeDriver: chrome on windows (97c4fa8e7024cd3dd158999fd1b6c36c)] -> xpath: //input[@id='salarymin']]
2023-07-23 22:07:878 INFO  HomePage :83 - Entering the maximum salary[[ChromeDriver: chrome on windows (97c4fa8e7024cd3dd158999fd1b6c36c)] -> xpath: //input[@id='salarymax']]
2023-07-23 22:07:186 INFO  HomePage :103 - Clicking on findJons button[[ChromeDriver: chrome on windows (97c4fa8e7024cd3dd158999fd1b6c36c)] -> xpath: //input[@id='hp-search-btn']]
